<?xml version="1.0" encoding="UTF-8"?>
<!-- Generated by org.testng.reporters.JUnitReportReporter -->
<testsuite hostname="DESKTOP" failures="0" tests="1" name="testCases.TC01_Login" time="0.355" errors="0" timestamp="2025-06-21T16:01:21 IST" skipped="0">
  <testcase classname="testCases.TC01_Login" name="verifyLogin" time="0.355"/>
</testsuite> <!-- testCases.TC01_Login -->
