<?xml version="1.0" encoding="UTF-8"?>
<!-- Generated by org.testng.reporters.JUnitReportReporter -->
<testsuite hostname="DESKTOP" failures="0" tests="1" name="testCases.Login" time="0.374" errors="0" timestamp="2025-06-21T15:51:59 IST" skipped="0">
  <testcase classname="testCases.Login" name="verifyLogin" time="0.374"/>
</testsuite> <!-- testCases.Login -->
