<?xml version="1.0" encoding="UTF-8"?>
<!-- Generated by org.testng.reporters.JUnitReportReporter -->
<testsuite hostname="DESKTOP" failures="0" tests="1" name="testCases.TC001_AccountRegistration" time="1.745" errors="0" timestamp="2025-06-24T14:37:03 IST" skipped="0">
  <testcase classname="testCases.TC001_AccountRegistration" name="verifyAccountRegistration" time="1.745"/>
</testsuite> <!-- testCases.TC001_AccountRegistration -->
