<?xml version="1.0" encoding="UTF-8"?>
<!-- Generated by org.testng.reporters.JUnitReportReporter -->
<testsuite hostname="DESKTOP" failures="0" tests="1" name="testCases.TC002_LoginTest" time="1.227" errors="0" timestamp="2025-06-25T22:25:00 IST" skipped="0">
  <testcase classname="testCases.TC002_LoginTest" name="verifyLogin" time="1.227"/>
</testsuite> <!-- testCases.TC002_LoginTest -->
